2024-02-27 13:20:53.919033: I tensorflow/stream_executor/platform/default/dso_loader.cc:49] Successfully opened dynamic library libcudart.so.11.0
[2024-02-27 13:21:06,187][HYDRA] Joblib.Parallel(n_jobs=-1,backend=loky,prefer=processes,require=None,verbose=0,timeout=None,pre_dispatch=2*n_jobs,batch_size=auto,temp_folder=None,max_nbytes=None,mmap_mode=r) is launching 1 jobs
[2024-02-27 13:21:06,187][HYDRA] Launching jobs, sweep output dir : multirun/2024-02-27/13-21-06
[2024-02-27 13:21:06,187][HYDRA] 	#0 : model=FullPLM task=RNAlocalization_Lora tokenizer=nucleotidetransformer
2024-02-27 13:21:09.133222: W tensorflow/stream_executor/platform/default/dso_loader.cc:60] Could not load dynamic library 'libcudart.so.11.0'; dlerror: libcudart.so.11.0: cannot open shared object file: No such file or directory
2024-02-27 13:21:09.133250: I tensorflow/stream_executor/cuda/cudart_stub.cc:29] Ignore above cudart dlerror if you do not have a GPU set up on your machine.
wandb: WARNING Path /home/sxr280/wandb_logs/wandb/ wasn't writable, using system temp directory
wandb: WARNING Path /home/sxr280/wandb_logs/wandb/ wasn't writable, using system temp directory
wandb: Currently logged in as: junwang666 (junwanggroup). Use `wandb login --relogin` to force relogin
wandb: wandb version 0.16.3 is available!  To upgrade, please run:
wandb:  $ pip install wandb --upgrade
wandb: Tracking run with wandb version 0.14.0
wandb: Run data is saved locally in /home/sxr280/BERTLocRNA/scripts/../output/RNAlocalization_Lora/nucleotidetransformer/wandb/run-20240227_132117-mzfvpo2l
wandb: Run `wandb offline` to turn off syncing.
wandb: Syncing run nucleotidetransformer_fine-tune
wandb: ⭐️ View project at https://wandb.ai/junwanggroup/BERTLocRNA
wandb: 🚀 View run at https://wandb.ai/junwanggroup/BERTLocRNA/runs/mzfvpo2l
output dir of this job: /home/sxr280/BERTLocRNA/scripts/../output/RNAlocalization_Lora/nucleotidetransformer
initializing
loading task: RNAlocalization_Lora
pos weight: [ 1.71565757  1.0257667   8.8253012   2.28477854  4.38229136  6.82983683
 11.62698413 11.72       23.44      ]
weight_dict {'lncRNA': [0.8969458861870055, 0.24384255318528325, 3.053073549251424, 0.0, 0.0, 5.806138011376286, 0.0, 0.0, 0.0], 'mRNA': [0.5106930304115337, 0.36113995907232, 2.5254766994106728, 0.6264803401068899, 1.145488696375963, 1.834995696302938, 2.9957255783196834, 0.0, 0.0], 'miRNA': [2.751022931164908, 0.8092170313344499, 0.0, 5.553215100891041, 0.0, 0.0, 0.0, 0.8865449366096001, 0.0], 'snRNA': [0.0, 0.0, 0.0, 0.0, 0.0, 0.0, 0.0, 0.0, 0.0], 'snoRNA': [0.0, 4.934740455322644, 0.0, 0.0, 0.0, 0.0, 0.0, 5.065259544677355, 0.0]}
flt_dict {'lncRNA': [0, 1, 2, 5], 'mRNA': [0, 1, 2, 3, 4, 5, 6], 'miRNA': [0, 1, 3, 7], 'snRNA': [], 'snoRNA': [1, 7]}
/home/sxr280/BERTLocRNA/saved_model/NT  already exists, loading the model locally
Loading checkpoint shards:   0%|          | 0/2 [00:00<?, ?it/s]Loading checkpoint shards:  50%|█████     | 1/2 [00:04<00:04,  4.61s/it]Loading checkpoint shards: 100%|██████████| 2/2 [00:04<00:00,  2.05s/it]Loading checkpoint shards: 100%|██████████| 2/2 [00:04<00:00,  2.43s/it]
Some weights of the model checkpoint at /home/sxr280/BERTLocRNA/saved_model/NT were not used when initializing EsmModel: ['lm_head.layer_norm.bias', 'lm_head.dense.weight', 'lm_head.bias', 'lm_head.dense.bias', 'lm_head.layer_norm.weight', 'lm_head.decoder.weight']
- This IS expected if you are initializing EsmModel from the checkpoint of a model trained on another task or with another architecture (e.g. initializing a BertForSequenceClassification model from a BertForPreTraining model).
- This IS NOT expected if you are initializing EsmModel from the checkpoint of a model that you expect to be exactly identical (initializing a BertForSequenceClassification model from a BertForSequenceClassification model).
Some weights of EsmModel were not initialized from the model checkpoint at /home/sxr280/BERTLocRNA/saved_model/NT and are newly initialized: ['esm.pooler.dense.weight', 'esm.pooler.dense.bias']
You should probably TRAIN this model on a down-stream task to be able to use it for predictions and inference.
/home/sxr280/miniconda3/envs/deeploc_torch/lib/python3.8/site-packages/torch/cuda/__init__.py:155: UserWarning: 
NVIDIA H100 PCIe with CUDA capability sm_90 is not compatible with the current PyTorch installation.
The current PyTorch install supports CUDA capabilities sm_37 sm_50 sm_60 sm_70 sm_75 sm_80 sm_86.
If you want to use the NVIDIA H100 PCIe GPU with PyTorch, please check the instructions at https://pytorch.org/get-started/locally/

  warnings.warn(incompatible_device_warn.format(device_name, capability, " ".join(arch_list), device_name))
/home/sxr280/miniconda3/envs/deeploc_torch/lib/python3.8/site-packages/pytorch_lightning/loggers/wandb.py:395: UserWarning: There is a wandb run already in progress and newly created instances of `WandbLogger` will reuse this run. If this is not desired, call `wandb.finish()` before instantiating `WandbLogger`.
  rank_zero_warn(
/home/sxr280/miniconda3/envs/deeploc_torch/lib/python3.8/site-packages/lightning_fabric/plugins/environments/slurm.py:166: PossibleUserWarning: The `srun` command is available on your system but is not used. HINT: If your intention is to run Lightning on SLURM, prepend your python command with `srun` like so: srun python train_PEFT.py ...
  rank_zero_warn(
GPU available: True (cuda), used: True
TPU available: False, using: 0 TPU cores
IPU available: False, using: 0 IPUs
HPU available: False, using: 0 HPUs
Initializing distributed: GLOBAL_RANK: 0, MEMBER: 1/1
initializing NT block
#############PEFT wrapped model#############
trainable params: 10,485,760 || all params: 2,547,768,961 || trainable%: 0.41156636102059807
processing################################
loading the dataset...
pl model has be loaded
after trainer
[2024-02-27 13:22:09,220][torch.distributed.distributed_c10d][INFO] - Added key: store_based_barrier_key:1 to store for rank: 0
[2024-02-27 13:22:09,221][torch.distributed.distributed_c10d][INFO] - Rank 0: Completed store-based barrier for key:store_based_barrier_key:1 with 1 nodes.
----------------------------------------------------------------------------------------------------
distributed_backend=nccl
All distributed processes registered. Starting with 1 processes
----------------------------------------------------------------------------------------------------

You are using a CUDA device ('NVIDIA H100 PCIe') that has Tensor Cores. To properly utilize them, you should set `torch.set_float32_matmul_precision('medium' | 'high')` which will trade-off precision for performance. For more details, read https://pytorch.org/docs/stable/generated/torch.set_float32_matmul_precision.html#torch.set_float32_matmul_precision
LOCAL_RANK: 0 - CUDA_VISIBLE_DEVICES: [0,1]

  | Name           | Type                 | Params
--------------------------------------------------------
0 | network        | FullPLM              | 2.5 B 
1 | learnable_loss | MultiTaskLossWrapper | 9     
2 | loss_fn        | BCELoss              | 0     
--------------------------------------------------------
10.5 M    Trainable params
2.5 B     Non-trainable params
2.5 B     Total params
10,191.088Total estimated model params size (MB)
Sanity Checking: 0it [00:00, ?it/s]Sanity Checking:   0%|          | 0/2 [00:00<?, ?it/s]Sanity Checking DataLoader 0:   0%|          | 0/2 [00:00<?, ?it/s]block dimension: torch.Size([1, 2557440])
block dimension after pooling: torch.Size([1, 319680])
block dimension after pooling and embedding layer: torch.Size([1, 319684])
self.flat_dim 319684
Sanity Checking DataLoader 0:  50%|█████     | 1/2 [00:06<00:06,  6.83s/it]block dimension: torch.Size([1, 2557440])
block dimension after pooling: torch.Size([1, 319680])
block dimension after pooling and embedding layer: torch.Size([1, 319684])
self.flat_dim 319684
Sanity Checking DataLoader 0: 100%|██████████| 2/2 [00:07<00:00,  3.64s/it]                                                                           /home/sxr280/miniconda3/envs/deeploc_torch/lib/python3.8/site-packages/pytorch_lightning/utilities/data.py:110: UserWarning: Total length of `DataLoader` across ranks is zero. Please make sure this was your intention.
  rank_zero_warn(
/home/sxr280/miniconda3/envs/deeploc_torch/lib/python3.8/site-packages/pytorch_lightning/trainer/connectors/data_connector.py:224: PossibleUserWarning: The dataloader, val_dataloader 0, does not have many workers which may be a bottleneck. Consider increasing the value of the `num_workers` argument` (try 128 which is the number of cpus on this machine) in the `DataLoader` init to improve performance.
  rank_zero_warn(
/home/sxr280/miniconda3/envs/deeploc_torch/lib/python3.8/site-packages/pytorch_lightning/trainer/connectors/logger_connector/result.py:536: PossibleUserWarning: It is recommended to use `self.log('val categorical_accuracy', ..., sync_dist=True)` when logging on epoch level in distributed setting to accumulate the metric across devices.
  warning_cache.warn(
/home/sxr280/miniconda3/envs/deeploc_torch/lib/python3.8/site-packages/pytorch_lightning/trainer/connectors/logger_connector/result.py:536: PossibleUserWarning: It is recommended to use `self.log('val categorical_accuracy_strict', ..., sync_dist=True)` when logging on epoch level in distributed setting to accumulate the metric across devices.
  warning_cache.warn(
/home/sxr280/miniconda3/envs/deeploc_torch/lib/python3.8/site-packages/pytorch_lightning/trainer/connectors/logger_connector/result.py:536: PossibleUserWarning: It is recommended to use `self.log('val binary_accuracy', ..., sync_dist=True)` when logging on epoch level in distributed setting to accumulate the metric across devices.
  warning_cache.warn(
/home/sxr280/miniconda3/envs/deeploc_torch/lib/python3.8/site-packages/pytorch_lightning/trainer/connectors/logger_connector/result.py:536: PossibleUserWarning: It is recommended to use `self.log('val_loss', ..., sync_dist=True)` when logging on epoch level in distributed setting to accumulate the metric across devices.
  warning_cache.warn(
/home/sxr280/miniconda3/envs/deeploc_torch/lib/python3.8/site-packages/pytorch_lightning/trainer/connectors/data_connector.py:224: PossibleUserWarning: The dataloader, train_dataloader, does not have many workers which may be a bottleneck. Consider increasing the value of the `num_workers` argument` (try 128 which is the number of cpus on this machine) in the `DataLoader` init to improve performance.
  rank_zero_warn(
Training: 0it [00:00, ?it/s]Training:   0%|          | 0/18320 [00:00<?, ?it/s]Epoch 0:   0%|          | 0/18320 [00:00<?, ?it/s] block dimension: torch.Size([1, 2557440])
block dimension after pooling: torch.Size([1, 319680])
Error executing job with overrides: ['model=FullPLM', 'task=RNAlocalization_Lora', 'tokenizer=nucleotidetransformer']
Traceback (most recent call last):
  File "train_PEFT.py", line 81, in <module>
    train()
  File "/home/sxr280/miniconda3/envs/deeploc_torch/lib/python3.8/site-packages/hydra/main.py", line 90, in decorated_main
    _run_hydra(
  File "/home/sxr280/miniconda3/envs/deeploc_torch/lib/python3.8/site-packages/hydra/_internal/utils.py", line 394, in _run_hydra
    _run_app(
  File "/home/sxr280/miniconda3/envs/deeploc_torch/lib/python3.8/site-packages/hydra/_internal/utils.py", line 465, in _run_app
    run_and_report(
  File "/home/sxr280/miniconda3/envs/deeploc_torch/lib/python3.8/site-packages/hydra/_internal/utils.py", line 222, in run_and_report
    raise ex
  File "/home/sxr280/miniconda3/envs/deeploc_torch/lib/python3.8/site-packages/hydra/_internal/utils.py", line 219, in run_and_report
    return func()
  File "/home/sxr280/miniconda3/envs/deeploc_torch/lib/python3.8/site-packages/hydra/_internal/utils.py", line 466, in <lambda>
    lambda: hydra.multirun(
  File "/home/sxr280/miniconda3/envs/deeploc_torch/lib/python3.8/site-packages/hydra/_internal/hydra.py", line 162, in multirun
    ret = sweeper.sweep(arguments=task_overrides)
  File "/home/sxr280/miniconda3/envs/deeploc_torch/lib/python3.8/site-packages/hydra/_internal/core_plugins/basic_sweeper.py", line 182, in sweep
    _ = r.return_value
  File "/home/sxr280/miniconda3/envs/deeploc_torch/lib/python3.8/site-packages/hydra/core/utils.py", line 260, in return_value
    raise self._return_value
RuntimeError: numel: integer multiplication overflow
Epoch 0:   0%|          | 0/18320 [00:03<?, ?it/s]
wandb: Waiting for W&B process to finish... (success).
wandb: - 0.013 MB of 0.013 MB uploaded (0.000 MB deduped)wandb: \ 0.013 MB of 0.054 MB uploaded (0.000 MB deduped)wandb: | 0.054 MB of 0.054 MB uploaded (0.000 MB deduped)wandb: 🚀 View run nucleotidetransformer_fine-tune at: https://wandb.ai/junwanggroup/BERTLocRNA/runs/mzfvpo2l
wandb: Synced 6 W&B file(s), 0 media file(s), 0 artifact file(s) and 0 other file(s)
wandb: Find logs at: ./../output/RNAlocalization_Lora/nucleotidetransformer/wandb/run-20240227_132117-mzfvpo2l/logs
