2024-02-27 18:58:00.257869: I tensorflow/stream_executor/platform/default/dso_loader.cc:49] Successfully opened dynamic library libcudart.so.11.0
[2024-02-27 18:58:03,154][HYDRA] Joblib.Parallel(n_jobs=-1,backend=loky,prefer=processes,require=None,verbose=0,timeout=None,pre_dispatch=2*n_jobs,batch_size=auto,temp_folder=None,max_nbytes=None,mmap_mode=r) is launching 1 jobs
[2024-02-27 18:58:03,154][HYDRA] Launching jobs, sweep output dir : multirun/2024-02-27/18-58-02
[2024-02-27 18:58:03,154][HYDRA] 	#0 : model=FullPLM task=RNAlocalization_Lora tokenizer=parnet
2024-02-27 18:58:06.038532: W tensorflow/stream_executor/platform/default/dso_loader.cc:60] Could not load dynamic library 'libcudart.so.11.0'; dlerror: libcudart.so.11.0: cannot open shared object file: No such file or directory
2024-02-27 18:58:06.038565: I tensorflow/stream_executor/cuda/cudart_stub.cc:29] Ignore above cudart dlerror if you do not have a GPU set up on your machine.
wandb: WARNING Path /home/sxr280/wandb_logs/wandb/ wasn't writable, using system temp directory
wandb: WARNING Path /home/sxr280/wandb_logs/wandb/ wasn't writable, using system temp directory
wandb: Currently logged in as: junwang666 (junwanggroup). Use `wandb login --relogin` to force relogin
wandb: wandb version 0.16.3 is available!  To upgrade, please run:
wandb:  $ pip install wandb --upgrade
wandb: Tracking run with wandb version 0.14.0
wandb: Run data is saved locally in /home/sxr280/BERTLocRNA/scripts/../output/RNAlocalization_Lora/parnet/wandb/run-20240227_185810-f9oa4v84
wandb: Run `wandb offline` to turn off syncing.
wandb: Syncing run parnet_fine-tune
wandb: ⭐️ View project at https://wandb.ai/junwanggroup/BERTLocRNA
wandb: 🚀 View run at https://wandb.ai/junwanggroup/BERTLocRNA/runs/f9oa4v84
2024-02-27 18:58:26.939716: I tensorflow/compiler/jit/xla_cpu_device.cc:41] Not creating XLA devices, tf_xla_enable_xla_devices not set
2024-02-27 18:58:26.939886: I tensorflow/stream_executor/platform/default/dso_loader.cc:49] Successfully opened dynamic library libcuda.so.1
2024-02-27 18:58:26.940534: I tensorflow/core/common_runtime/gpu/gpu_device.cc:1720] Found device 0 with properties: 
pciBusID: 0000:88:00.0 name: NVIDIA TITAN RTX computeCapability: 7.5
coreClock: 1.77GHz coreCount: 72 deviceMemorySize: 23.64GiB deviceMemoryBandwidth: 625.94GiB/s
2024-02-27 18:58:26.941131: I tensorflow/core/common_runtime/gpu/gpu_device.cc:1720] Found device 1 with properties: 
pciBusID: 0000:89:00.0 name: NVIDIA TITAN RTX computeCapability: 7.5
coreClock: 1.77GHz coreCount: 72 deviceMemorySize: 23.64GiB deviceMemoryBandwidth: 625.94GiB/s
2024-02-27 18:58:26.941201: I tensorflow/stream_executor/platform/default/dso_loader.cc:49] Successfully opened dynamic library libcudart.so.11.0
2024-02-27 18:58:26.941239: I tensorflow/stream_executor/platform/default/dso_loader.cc:49] Successfully opened dynamic library libcublas.so.11
2024-02-27 18:58:26.941258: I tensorflow/stream_executor/platform/default/dso_loader.cc:49] Successfully opened dynamic library libcublasLt.so.11
2024-02-27 18:58:26.943158: I tensorflow/stream_executor/platform/default/dso_loader.cc:49] Successfully opened dynamic library libcufft.so.10
2024-02-27 18:58:26.943869: I tensorflow/stream_executor/platform/default/dso_loader.cc:49] Successfully opened dynamic library libcurand.so.10
2024-02-27 18:58:26.945589: I tensorflow/stream_executor/platform/default/dso_loader.cc:49] Successfully opened dynamic library libcusolver.so.10
2024-02-27 18:58:26.945710: W tensorflow/stream_executor/platform/default/dso_loader.cc:60] Could not load dynamic library 'libcusparse.so.11'; dlerror: libcusparse.so.11: cannot open shared object file: No such file or directory
2024-02-27 18:58:26.945744: I tensorflow/stream_executor/platform/default/dso_loader.cc:49] Successfully opened dynamic library libcudnn.so.8
2024-02-27 18:58:26.945750: W tensorflow/core/common_runtime/gpu/gpu_device.cc:1757] Cannot dlopen some GPU libraries. Please make sure the missing libraries mentioned above are installed properly if you would like to use GPU. Follow the guide at https://www.tensorflow.org/install/gpu for how to download and setup the required libraries for your platform.
Skipping registering GPU devices...
/home/sxr280/miniconda3/envs/deeploc_torch/lib/python3.8/site-packages/pytorch_lightning/loggers/wandb.py:395: UserWarning: There is a wandb run already in progress and newly created instances of `WandbLogger` will reuse this run. If this is not desired, call `wandb.finish()` before instantiating `WandbLogger`.
  rank_zero_warn(
/home/sxr280/miniconda3/envs/deeploc_torch/lib/python3.8/site-packages/lightning_fabric/plugins/environments/slurm.py:166: PossibleUserWarning: The `srun` command is available on your system but is not used. HINT: If your intention is to run Lightning on SLURM, prepend your python command with `srun` like so: srun python train_PEFT.py ...
  rank_zero_warn(
GPU available: True (cuda), used: True
TPU available: False, using: 0 TPU cores
IPU available: False, using: 0 IPUs
HPU available: False, using: 0 HPUs
Initializing distributed: GLOBAL_RANK: 0, MEMBER: 1/1
output dir of this job: /home/sxr280/BERTLocRNA/scripts/../output/RNAlocalization_Lora/parnet
initializing
loading task: RNAlocalization_Lora
pos weight: [ 1.71565757  1.0257667   8.8253012   2.28477854  4.38229136  6.82983683
 11.62698413 11.72       23.44      ]
weight_dict {'lncRNA': [0.8969458861870055, 0.24384255318528325, 3.053073549251424, 0.0, 0.0, 5.806138011376286, 0.0, 0.0, 0.0], 'mRNA': [0.5106930304115337, 0.36113995907232, 2.5254766994106728, 0.6264803401068899, 1.145488696375963, 1.834995696302938, 2.9957255783196834, 0.0, 0.0], 'miRNA': [2.751022931164908, 0.8092170313344499, 0.0, 5.553215100891041, 0.0, 0.0, 0.0, 0.8865449366096001, 0.0], 'snRNA': [0.0, 0.0, 0.0, 0.0, 0.0, 0.0, 0.0, 0.0, 0.0], 'snoRNA': [0.0, 4.934740455322644, 0.0, 0.0, 0.0, 0.0, 0.0, 5.065259544677355, 0.0]}
flt_dict {'lncRNA': [0, 1, 2, 5], 'mRNA': [0, 1, 2, 3, 4, 5, 6], 'miRNA': [0, 1, 3, 7], 'snRNA': [], 'snoRNA': [1, 7]}
Initializing Parnet block
processing################################
loading the dataset...
pl model has be loaded
after trainer
[2024-02-27 18:58:30,358][torch.distributed.distributed_c10d][INFO] - Added key: store_based_barrier_key:1 to store for rank: 0
[2024-02-27 18:58:30,358][torch.distributed.distributed_c10d][INFO] - Rank 0: Completed store-based barrier for key:store_based_barrier_key:1 with 1 nodes.
----------------------------------------------------------------------------------------------------
distributed_backend=nccl
All distributed processes registered. Starting with 1 processes
----------------------------------------------------------------------------------------------------

/home/sxr280/miniconda3/envs/deeploc_torch/lib/python3.8/site-packages/pytorch_lightning/callbacks/model_checkpoint.py:613: UserWarning: Checkpoint directory /home/sxr280/BERTLocRNA/output/RNAlocalization_Lora/parnet/checkpoints exists and is not empty.
  rank_zero_warn(f"Checkpoint directory {dirpath} exists and is not empty.")
LOCAL_RANK: 0 - CUDA_VISIBLE_DEVICES: [0,1]

  | Name           | Type                 | Params
--------------------------------------------------------
0 | network        | FullPLM              | 409   
1 | learnable_loss | MultiTaskLossWrapper | 9     
2 | loss_fn        | BCELoss              | 0     
--------------------------------------------------------
418       Trainable params
0         Non-trainable params
418       Total params
0.002     Total estimated model params size (MB)
Sanity Checking: 0it [00:00, ?it/s]Sanity Checking:   0%|          | 0/2 [00:00<?, ?it/s]Sanity Checking DataLoader 0:   0%|          | 0/2 [00:00<?, ?it/s]Sanity Checking DataLoader 0:  50%|█████     | 1/2 [00:04<00:04,  4.89s/it]Sanity Checking DataLoader 0: 100%|██████████| 2/2 [00:05<00:00,  2.61s/it]                                                                           /home/sxr280/miniconda3/envs/deeploc_torch/lib/python3.8/site-packages/pytorch_lightning/trainer/connectors/data_connector.py:224: PossibleUserWarning: The dataloader, val_dataloader 0, does not have many workers which may be a bottleneck. Consider increasing the value of the `num_workers` argument` (try 64 which is the number of cpus on this machine) in the `DataLoader` init to improve performance.
  rank_zero_warn(
/home/sxr280/miniconda3/envs/deeploc_torch/lib/python3.8/site-packages/torch/nn/modules/conv.py:309: UserWarning: Using padding='same' with even kernel lengths and odd dilation may require a zero-padded copy of the input be created (Triggered internally at ../aten/src/ATen/native/Convolution.cpp:895.)
  return F.conv1d(input, weight, bias, self.stride,
/home/sxr280/miniconda3/envs/deeploc_torch/lib/python3.8/site-packages/pytorch_lightning/trainer/connectors/logger_connector/result.py:536: PossibleUserWarning: It is recommended to use `self.log('val categorical_accuracy', ..., sync_dist=True)` when logging on epoch level in distributed setting to accumulate the metric across devices.
  warning_cache.warn(
/home/sxr280/miniconda3/envs/deeploc_torch/lib/python3.8/site-packages/pytorch_lightning/trainer/connectors/logger_connector/result.py:536: PossibleUserWarning: It is recommended to use `self.log('val categorical_accuracy_strict', ..., sync_dist=True)` when logging on epoch level in distributed setting to accumulate the metric across devices.
  warning_cache.warn(
/home/sxr280/miniconda3/envs/deeploc_torch/lib/python3.8/site-packages/pytorch_lightning/trainer/connectors/logger_connector/result.py:536: PossibleUserWarning: It is recommended to use `self.log('val binary_accuracy', ..., sync_dist=True)` when logging on epoch level in distributed setting to accumulate the metric across devices.
  warning_cache.warn(
/home/sxr280/miniconda3/envs/deeploc_torch/lib/python3.8/site-packages/pytorch_lightning/trainer/connectors/logger_connector/result.py:536: PossibleUserWarning: It is recommended to use `self.log('val_loss', ..., sync_dist=True)` when logging on epoch level in distributed setting to accumulate the metric across devices.
  warning_cache.warn(
/home/sxr280/miniconda3/envs/deeploc_torch/lib/python3.8/site-packages/pytorch_lightning/trainer/connectors/data_connector.py:224: PossibleUserWarning: The dataloader, train_dataloader, does not have many workers which may be a bottleneck. Consider increasing the value of the `num_workers` argument` (try 64 which is the number of cpus on this machine) in the `DataLoader` init to improve performance.
  rank_zero_warn(
Training: 0it [00:00, ?it/s]Training:   0%|          | 0/2291 [00:00<?, ?it/s]Epoch 0:   0%|          | 0/2291 [00:00<?, ?it/s] Error executing job with overrides: ['model=FullPLM', 'task=RNAlocalization_Lora', 'tokenizer=parnet']
Traceback (most recent call last):
  File "train_PEFT.py", line 81, in <module>
    train()
  File "/home/sxr280/miniconda3/envs/deeploc_torch/lib/python3.8/site-packages/hydra/main.py", line 90, in decorated_main
    _run_hydra(
  File "/home/sxr280/miniconda3/envs/deeploc_torch/lib/python3.8/site-packages/hydra/_internal/utils.py", line 394, in _run_hydra
    _run_app(
  File "/home/sxr280/miniconda3/envs/deeploc_torch/lib/python3.8/site-packages/hydra/_internal/utils.py", line 465, in _run_app
    run_and_report(
  File "/home/sxr280/miniconda3/envs/deeploc_torch/lib/python3.8/site-packages/hydra/_internal/utils.py", line 222, in run_and_report
    raise ex
  File "/home/sxr280/miniconda3/envs/deeploc_torch/lib/python3.8/site-packages/hydra/_internal/utils.py", line 219, in run_and_report
    return func()
  File "/home/sxr280/miniconda3/envs/deeploc_torch/lib/python3.8/site-packages/hydra/_internal/utils.py", line 466, in <lambda>
    lambda: hydra.multirun(
  File "/home/sxr280/miniconda3/envs/deeploc_torch/lib/python3.8/site-packages/hydra/_internal/hydra.py", line 162, in multirun
    ret = sweeper.sweep(arguments=task_overrides)
  File "/home/sxr280/miniconda3/envs/deeploc_torch/lib/python3.8/site-packages/hydra/_internal/core_plugins/basic_sweeper.py", line 182, in sweep
    _ = r.return_value
  File "/home/sxr280/miniconda3/envs/deeploc_torch/lib/python3.8/site-packages/hydra/core/utils.py", line 260, in return_value
    raise self._return_value
torch.cuda.OutOfMemoryError: CUDA out of memory. Tried to allocate 94.00 MiB (GPU 0; 23.64 GiB total capacity; 795.84 MiB already allocated; 41.31 MiB free; 958.00 MiB reserved in total by PyTorch) If reserved memory is >> allocated memory try setting max_split_size_mb to avoid fragmentation.  See documentation for Memory Management and PYTORCH_CUDA_ALLOC_CONF
Epoch 0:   0%|          | 0/2291 [00:00<?, ?it/s]
wandb: Waiting for W&B process to finish... (success).
wandb: 🚀 View run parnet_fine-tune at: https://wandb.ai/junwanggroup/BERTLocRNA/runs/f9oa4v84
wandb: Synced 6 W&B file(s), 0 media file(s), 0 artifact file(s) and 0 other file(s)
wandb: Find logs at: ./../output/RNAlocalization_Lora/parnet/wandb/run-20240227_185810-f9oa4v84/logs
